  engine.cpp
  game.cpp
c:\programming\с++\sfml projects\tetris\tetris\game.cpp(17): warning C4244: =: преобразование "float" в "short", возможна потеря данных
c:\programming\с++\sfml projects\tetris\tetris\game.cpp(20): warning C4244: =: преобразование "float" в "short", возможна потеря данных
c:\programming\с++\sfml projects\tetris\tetris\game.cpp(47): warning C4305: =: усечение из "double" в "float"
c:\programming\с++\sfml projects\tetris\tetris\game.cpp(50): warning C4305: =: усечение из "double" в "float"
c:\programming\с++\sfml projects\tetris\tetris\game.cpp(66): warning C4244: аргумент: преобразование "time_t" в "unsigned int", возможна потеря данных
c:\programming\с++\sfml projects\tetris\tetris\game.cpp(103): warning C4305: аргумент: усечение из "double" в "T"
          with
          [
              T=float
          ]
c:\programming\с++\sfml projects\tetris\tetris\game.cpp(107): warning C4305: аргумент: усечение из "double" в "T"
          with
          [
              T=float
          ]
c:\programming\с++\sfml projects\tetris\tetris\game.cpp(116): warning C4244: =: преобразование "float" в "short", возможна потеря данных
c:\programming\с++\sfml projects\tetris\tetris\game.cpp(231): warning C4244: аргумент: преобразование "int" в "T", возможна потеря данных
          with
          [
              T=float
          ]
c:\programming\с++\sfml projects\tetris\tetris\game.cpp(232): warning C4244: аргумент: преобразование "int" в "T", возможна потеря данных
          with
          [
              T=float
          ]
c:\programming\с++\sfml projects\tetris\tetris\game.cpp(245): warning C4244: аргумент: преобразование "int" в "T", возможна потеря данных
          with
          [
              T=float
          ]
c:\programming\с++\sfml projects\tetris\tetris\game.cpp(258): warning C4244: аргумент: преобразование "short" в "sf::Uint8", возможна потеря данных
c:\programming\с++\sfml projects\tetris\tetris\game.cpp(263): warning C4244: аргумент: преобразование "short" в "sf::Uint8", возможна потеря данных
c:\programming\с++\sfml projects\tetris\tetris\game.cpp(266): warning C4244: аргумент: преобразование "short" в "sf::Uint8", возможна потеря данных
c:\programming\с++\sfml projects\tetris\tetris\game.cpp(269): warning C4244: аргумент: преобразование "short" в "sf::Uint8", возможна потеря данных
c:\programming\с++\sfml projects\tetris\tetris\game.cpp(308): warning C4305: -=: усечение из "double" в "float"
c:\program files (x86)\microsoft visual studio\2017\community\vc\tools\msvc\14.16.27023\include\type_traits(16707566): warning C4244: аргумент: преобразование "_Cv_TiD" в "float", возможна потеря данных
          with
          [
              _Cv_TiD=double
          ]
  c:\program files (x86)\microsoft visual studio\2017\community\vc\tools\msvc\14.16.27023\include\type_traits(16707566): note: выполняется компиляция ссылки на экземпляр шаблон функции "void std::_Invoker_functor::_Call<void(__cdecl *&)(short *,short,float),_Cv_TiD&,int&,double&>(_Callable,_Cv_TiD &,int &,double &) noexcept(false)"
          with
          [
              _Cv_TiD=short *,
              _Callable=void (__cdecl *&)(short *,short,float)
          ]
  c:\program files (x86)\microsoft visual studio\2017\community\vc\tools\msvc\14.16.27023\include\type_traits(15732480): note: выполняется компиляция ссылки на экземпляр шаблон функции "void std::invoke<void(__cdecl *&)(short *,short,float),_Cv_TiD&,int&,double&>(_Callable,_Cv_TiD &,int &,double &) noexcept(false)"
          with
          [
              _Cv_TiD=short *,
              _Callable=void (__cdecl *&)(short *,short,float)
          ]
  c:\program files (x86)\microsoft visual studio\2017\community\vc\tools\msvc\14.16.27023\include\functional(1857): note: выполняется компиляция ссылки на экземпляр шаблон функции "void std::_Invoker_ret<std::_Unforced,false>::_Call<void(__cdecl *&)(short *,short,float),_Cv_TiD&,int&,double&>(void (__cdecl *&)(short *,short,float),_Cv_TiD &,int &,double &)"
          with
          [
              _Cv_TiD=short *
          ]
  c:\program files (x86)\microsoft visual studio\2017\community\vc\tools\msvc\14.16.27023\include\functional(1914): note: выполняется компиляция ссылки на экземпляр шаблон функции "void std::_Call_binder<std::_Unforced,0,1,2,void(__cdecl *)(short *,short,float),_Ty2,std::tuple<>>(std::_Invoker_ret<std::_Unforced,false>,std::integer_sequence<unsigned __int64,0,1,2>,_Cv_FD &,_Cv_tuple_TiD &,_Untuple &&)"
          with
          [
              _Ty2=std::tuple<short *,int,double>,
              _Cv_FD=void (__cdecl *)(short *,short,float),
              _Cv_tuple_TiD=std::tuple<short *,int,double>,
              _Untuple=std::tuple<>
          ]
  c:\programming\libraries\sfml-2.5.1\include\sfml\system\thread.inl(39): note: выполняется компиляция ссылки на экземпляр шаблон функции "void std::_Binder<std::_Unforced,void (__cdecl *)(short *,short,float),short *,int,double>::operator ()<>(void)"
  c:\programming\libraries\sfml-2.5.1\include\sfml\system\thread.inl(39): note: выполняется компиляция ссылки на экземпляр шаблон функции "void std::_Binder<std::_Unforced,void (__cdecl *)(short *,short,float),short *,int,double>::operator ()<>(void)"
  c:\programming\libraries\sfml-2.5.1\include\sfml\system\thread.inl(39): note: при компиляции функции-члена "<Нет данных>" класса класс <Нет данных>
  c:\programming\libraries\sfml-2.5.1\include\sfml\system\thread.inl(70): note: выполняется компиляция ссылки на экземпляр шаблон класс "sf::priv::ThreadFunctor<F>"
          with
          [
              F=std::_Binder<std::_Unforced,void (__cdecl *)(short *,short,float),short *,int,double>
          ]
  c:\programming\с++\sfml projects\tetris\tetris\game.cpp(119): note: выполняется компиляция ссылки на экземпляр шаблон функции "sf::Thread::Thread<std::_Binder<std::_Unforced,void (__cdecl *)(short *,short,float),short *,int,double>>(F)"
          with
          [
              F=std::_Binder<std::_Unforced,void (__cdecl *)(short *,short,float),short *,int,double>
          ]
  object.cpp
  Создание кода
  0 of 172 functions ( 0.0%) were compiled, the rest were copied from previous compilation.
    0 functions were new in current compilation
    0 functions had inline decision re-evaluated but remain unchanged
  Создание кода завершено
  tetris.vcxproj -> C:\programming\с++\SFML projects\tetris\x64\Release\tetris.exe
